[Unique-health-consult.netlify.app/index.html]
[backblue.gif]
[fade.gif]
[index.html]
[cdn.jsdelivr.net/npm/bootstrap@4.5.3/dist/css/bootstrap.min.css]
[maxcdn.bootstrapcdn.com/font-awesome/4.5.0/css/font-awesome.min.css]
[Unique-health-consult.netlify.app/blives.xyz/index.3.delayed]
[Unique-health-consult.netlify.app/boblives.css]
[code.jquery.com/jquery-3.5.1.min.js]
[cdn.jsdelivr.net/npm/bootstrap@4.5.3/dist/js/bootstrap.min.js]
[Unique-health-consult.netlify.app/img/logogo.7.delayed]
[Unique-health-consult.netlify.app/blog.8.delayed]
[Unique-health-consult.netlify.app/about.9.delayed]
[Unique-health-consult.netlify.app/img/fstat.jpg]
[Unique-health-consult.netlify.app/img/wfibroids.jpg]
[Unique-health-consult.netlify.app/img/Unique.jpg]
[Unique-health-consult.netlify.app/img/whatsapp.png]
[Unique-health-consult.netlify.app/img/aishats.jpg]
[Unique-health-consult.netlify.app/img/mums.jpg]
[Unique-health-consult.netlify.app/img/bsist.jpg]
[Unique-health-consult.netlify.app/img/bloods.11.delayed]
[Unique-health-consult.netlify.app/img/punch.png]
[Unique-health-consult.netlify.app/img/uteruss.jpg]
[Unique-health-consult.netlify.app/img/stamp.14.delayed]
[Unique-health-consult.netlify.app/index.html]
[www.googletagmanager.com/gtm5445.html]
[cdn.jsdelivr.net/npm/bootstrap@4.5.3/dist/css/bootstrap.min.css]
[maxcdn.bootstrapcdn.com/font-awesome/4.5.0/css/font-awesome.min.css]
[Unique-health-consult.netlify.app/blives.xyz/index.html]
[Unique-health-consult.netlify.app/boblives.css]
[Unique-health-consult.netlify.app/img/logogo.html]
[Unique-health-consult.netlify.app/blog.html]
[Unique-health-consult.netlify.app/about.html]
[Unique-health-consult.netlify.app/img/bloods.html]
[Unique-health-consult.netlify.app/img/stamp.html]
